<?xml version="1.0" encoding="UTF-8"?>
<!-- Generated by org.testng.reporters.JUnitReportReporter -->
<testsuite hostname="LAPTOP-1C0M3C76" failures="0" tests="1" name="test_data.scroll" time="18.304" errors="0" timestamp="2022-08-17T13:14:53 IST" skipped="0">
  <testcase classname="test_data.scroll" name="m1" time="18.304"/>
  <system-out/>
</testsuite> <!-- test_data.scroll -->
