<?xml version="1.0" encoding="UTF-8"?>
<!-- Generated by org.testng.reporters.JUnitReportReporter -->
<testsuite hostname="LAPTOP-1C0M3C76" failures="0" tests="1" name="test_data.amazon_task" time="13.840" errors="0" timestamp="2022-08-17T13:52:14 IST" skipped="0">
  <testcase classname="test_data.amazon_task" name="m1" time="13.840"/>
  <system-out/>
</testsuite> <!-- test_data.amazon_task -->
